<?xml version="1.0" encoding="UTF-8"?>
<!-- Generated by org.testng.reporters.JUnitXMLReporter -->
<testsuite hostname="DESKTOP-077G3EM" failures="0" tests="14" name="Default test" time="1.049" errors="0" timestamp="11 Aug 2022 08:18:49 GMT">
  <testcase classname="com.zee5.Android_HipiScripts.AndroidHiPiNeoP1" name="@BeforeTest AppLaunch" time="0.0">
    <skipped/>
  </testcase> <!-- @BeforeTest AppLaunch -->
  <testcase classname="com.zee5.Android_HipiScripts.AndroidHiPiNeoP1" name="@AfterTest tearDownApp" time="0.0">
    <skipped/>
  </testcase> <!-- @AfterTest tearDownApp -->
  <testcase classname="com.zee5.Android_HipiScripts.AndroidHiPiNeoP1" name="feedP1TCs" time="0.0">
    <skipped/>
  </testcase> <!-- feedP1TCs -->
  <testcase classname="com.zee5.Android_HipiScripts.AndroidHiPiNeoP1" name="DiscoverP1TCs" time="0.0">
    <skipped/>
  </testcase> <!-- DiscoverP1TCs -->
  <testcase classname="com.zee5.Android_HipiScripts.AndroidHiPiNeoP1" name="loginScreenP1TCs" time="0.0">
    <skipped/>
  </testcase> <!-- loginScreenP1TCs -->
  <testcase classname="com.zee5.Android_HipiScripts.AndroidHiPiNeoP1" name="createrP1TCs" time="0.0">
    <skipped/>
  </testcase> <!-- createrP1TCs -->
  <testcase classname="com.zee5.Android_HipiScripts.AndroidHiPiNeoP1" name="profileP1TCs" time="0.0">
    <skipped/>
  </testcase> <!-- profileP1TCs -->
  <testcase classname="com.zee5.Android_HipiScripts.AndroidHiPiNeoP1" name="settingAndPrivacyP1TCs" time="0.0">
    <skipped/>
  </testcase> <!-- settingAndPrivacyP1TCs -->
  <testcase classname="com.zee5.Android_HipiScripts.AndroidHiPiNeoP1" name="feedNewP1TCs" time="0.0">
    <skipped/>
  </testcase> <!-- feedNewP1TCs -->
  <testcase classname="com.zee5.Android_HipiScripts.AndroidHiPiNeoP1" name="newDiscoverP1TCs" time="0.0">
    <skipped/>
  </testcase> <!-- newDiscoverP1TCs -->
  <testcase classname="com.zee5.Android_HipiScripts.AndroidHiPiNeoP1" name="creatorNewP1TCs" time="0.0">
    <skipped/>
  </testcase> <!-- creatorNewP1TCs -->
  <testcase classname="com.zee5.Android_HipiScripts.AndroidHiPiNeoP1" name="PostScreenNewP1TCs" time="0.0">
    <skipped/>
  </testcase> <!-- PostScreenNewP1TCs -->
  <testcase classname="com.zee5.Android_HipiScripts.AndroidHiPiNeoP1" name="profileNewP1TCs" time="0.0">
    <skipped/>
  </testcase> <!-- profileNewP1TCs -->
  <testcase classname="com.zee5.Android_HipiScripts.AndroidHiPiNeoP1" name="HashTagRelatedTcs" time="0.0">
    <skipped/>
  </testcase> <!-- HashTagRelatedTcs -->
  <testcase classname="com.zee5.Android_HipiScripts.AndroidHiPiNeoP1" name="AllNewModules" time="0.0">
    <skipped/>
  </testcase> <!-- AllNewModules -->
  <testcase classname="com.zee5.Android_HipiScripts.AndroidHiPiNeoP1" name="NewTcs" time="0.0">
    <skipped/>
  </testcase> <!-- NewTcs -->
</testsuite> <!-- Default test -->
