<?xml version="1.0" encoding="UTF-8"?>
<!-- Generated by org.testng.reporters.JUnitXMLReporter -->
<testsuite hostname="DESKTOP-077G3EM" failures="1" tests="1" name="AndroidHiPiNeo" time="35.366" errors="0" timestamp="20 Oct 2023 12:13:29 GMT">
  <testcase classname="com.zee5.Android_HipiScripts.Android_MWEB" name="launchApptime" time="1.699">
    <failure type="org.openqa.selenium.WebDriverException" message="Appium error: An unknown server-side error occurred while processing the command. Original error: Error attempting to start URI. Original error: Error: Starting: Intent { act=android.intent.action.VIEW dat= pkg=com.android.chrome }
Error: Activity not started, unable to resolve Intent { act=android.intent.action.VIEW dat= flg=0x10000000 pkg=com.android.chrome } (WARNING: The server did not provide any stacktrace information)
Command duration or timeout: 0 milliseconds
Build info: version: &amp;apos;3.141.59&amp;apos;, revision: &amp;apos;e82be7d358&amp;apos;, time: &amp;apos;2018-11-14T08:17:03&amp;apos;
System info: host: &amp;apos;DESKTOP-077G3EM&amp;apos;, ip: &amp;apos;192.168.0.72&amp;apos;, os.name: &amp;apos;Windows 10&amp;apos;, os.arch: &amp;apos;amd64&amp;apos;, os.version: &amp;apos;10.0&amp;apos;, java.version: &amp;apos;17.0.3&amp;apos;
Driver info: io.appium.java_client.android.AndroidDriver
Capabilities {64bit: false, acceptSslCert: false, acceptSslCerts: false, appActivity: com.google.android.apps.chr..., appPackage: com.android.chrome, automationName: uiautomator2, browser: chrome_android, browserName: chrome, browser_name: Chrome, browserstack.appium_version: 1.17.0, browserstack.is_hub_canary: false, capabilities: {64bit: false, acceptSslCert: false, acceptSslCerts: false, appActivity: com.google.android.apps.chr..., appPackage: com.android.chrome, automationName: uiautomator2, browser: chrome_android, browserName: chrome, browser_name: Chrome, browserstack.appium_version: 1.17.0, browserstack.is_hub_canary: false, chromeOptions: {args: [--proxy-bypass-list=&amp;lt;-loopb..., test-type, --proxy-server=http://103.2..., --disable-features=Translate], w3c: false}, chromedriverPort: 18085, databaseEnabled: false, detected_language: selenium/3.141.59 (java win..., device: Google Pixel 8 Pro, deviceApiLevel: 34, deviceManufacturer: Google, deviceModel: Pixel 8 Pro, deviceName: 38261FDJG008RS, deviceOrientation: portrait, deviceScreenDensity: 360, deviceScreenSize: 1008x2244, deviceUDID: 38261FDJG008RS, enablePerformanceLogging: false, javascriptEnabled: true, locationContextEnabled: false, loggingPrefs: {browser: SEVERE}, mobile: {browser: mobile, version: Google Pixel 8 Pro-14.0}, networkConnectionEnabled: true, newCommandTimeout: 0, new_bucketing: true, orientation: PORTRAIT, orig_os: android, osVersion: 14.0, os_version: 14.0, pixelRatio: 2.25, platform: ANDROID, platformName: Android, platformVersion: 14, realMobile: true, sessionId: 38110b8e69fdced0a979e6d0947..., skipServerInstallation: true, statBarHeight: 151, systemPort: 8205, takesScreenshot: true, udid: 38261FDJG008RS, version: , viewportRect: {height: 1926, left: 0, top: 151, width: 1008}, warnings: {}, webStorageEnabled: false}, chromeOptions: {args: [--proxy-bypass-list=&amp;lt;-loopb..., test-type, --proxy-server=http://103.2..., --disable-features=Translate], w3c: false}, chromedriverPort: 18085, databaseEnabled: false, detected_language: selenium/3.141.59 (java win..., device: Google Pixel 8 Pro, deviceApiLevel: 34, deviceManufacturer: Google, deviceModel: Pixel 8 Pro, deviceName: 38261FDJG008RS, deviceOrientation: portrait, deviceScreenDensity: 360, deviceScreenSize: 1008x2244, deviceUDID: 38261FDJG008RS, enablePerformanceLogging: false, javascriptEnabled: true, locationContextEnabled: false, loggingPrefs: org.openqa.selenium.logging..., mobile: {browser: mobile, version: Google Pixel 8 Pro-14.0}, networkConnectionEnabled: true, newCommandTimeout: 0, new_bucketing: true, orientation: PORTRAIT, orig_os: android, osVersion: 14.0, os_version: 14.0, pixelRatio: 2.25, platform: ANDROID, platformName: Android, platformVersion: 14, realMobile: true, sessionId: 38110b8e69fdced0a979e6d0947..., skipServerInstallation: true, statBarHeight: 151, systemPort: 8205, takesScreenshot: true, udid: 38261FDJG008RS, version: , viewportRect: {height: 1926, left: 0, top: 151, width: 1008}, warnings: {}, webStorageEnabled: false}
Session ID: 38110b8e69fdced0a979e6d094795a17cb697b0f">
      <![CDATA[org.openqa.selenium.WebDriverException: Appium error: An unknown server-side error occurred while processing the command. Original error: Error attempting to start URI. Original error: Error: Starting: Intent { act=android.intent.action.VIEW dat= pkg=com.android.chrome }
Error: Activity not started, unable to resolve Intent { act=android.intent.action.VIEW dat= flg=0x10000000 pkg=com.android.chrome } (WARNING: The server did not provide any stacktrace information)
Command duration or timeout: 0 milliseconds
Build info: version: '3.141.59', revision: 'e82be7d358', time: '2018-11-14T08:17:03'
System info: host: 'DESKTOP-077G3EM', ip: '192.168.0.72', os.name: 'Windows 10', os.arch: 'amd64', os.version: '10.0', java.version: '17.0.3'
Driver info: io.appium.java_client.android.AndroidDriver
Capabilities {64bit: false, acceptSslCert: false, acceptSslCerts: false, appActivity: com.google.android.apps.chr..., appPackage: com.android.chrome, automationName: uiautomator2, browser: chrome_android, browserName: chrome, browser_name: Chrome, browserstack.appium_version: 1.17.0, browserstack.is_hub_canary: false, capabilities: {64bit: false, acceptSslCert: false, acceptSslCerts: false, appActivity: com.google.android.apps.chr..., appPackage: com.android.chrome, automationName: uiautomator2, browser: chrome_android, browserName: chrome, browser_name: Chrome, browserstack.appium_version: 1.17.0, browserstack.is_hub_canary: false, chromeOptions: {args: [--proxy-bypass-list=<-loopb..., test-type, --proxy-server=http://103.2..., --disable-features=Translate], w3c: false}, chromedriverPort: 18085, databaseEnabled: false, detected_language: selenium/3.141.59 (java win..., device: Google Pixel 8 Pro, deviceApiLevel: 34, deviceManufacturer: Google, deviceModel: Pixel 8 Pro, deviceName: 38261FDJG008RS, deviceOrientation: portrait, deviceScreenDensity: 360, deviceScreenSize: 1008x2244, deviceUDID: 38261FDJG008RS, enablePerformanceLogging: false, javascriptEnabled: true, locationContextEnabled: false, loggingPrefs: {browser: SEVERE}, mobile: {browser: mobile, version: Google Pixel 8 Pro-14.0}, networkConnectionEnabled: true, newCommandTimeout: 0, new_bucketing: true, orientation: PORTRAIT, orig_os: android, osVersion: 14.0, os_version: 14.0, pixelRatio: 2.25, platform: ANDROID, platformName: Android, platformVersion: 14, realMobile: true, sessionId: 38110b8e69fdced0a979e6d0947..., skipServerInstallation: true, statBarHeight: 151, systemPort: 8205, takesScreenshot: true, udid: 38261FDJG008RS, version: , viewportRect: {height: 1926, left: 0, top: 151, width: 1008}, warnings: {}, webStorageEnabled: false}, chromeOptions: {args: [--proxy-bypass-list=<-loopb..., test-type, --proxy-server=http://103.2..., --disable-features=Translate], w3c: false}, chromedriverPort: 18085, databaseEnabled: false, detected_language: selenium/3.141.59 (java win..., device: Google Pixel 8 Pro, deviceApiLevel: 34, deviceManufacturer: Google, deviceModel: Pixel 8 Pro, deviceName: 38261FDJG008RS, deviceOrientation: portrait, deviceScreenDensity: 360, deviceScreenSize: 1008x2244, deviceUDID: 38261FDJG008RS, enablePerformanceLogging: false, javascriptEnabled: true, locationContextEnabled: false, loggingPrefs: org.openqa.selenium.logging..., mobile: {browser: mobile, version: Google Pixel 8 Pro-14.0}, networkConnectionEnabled: true, newCommandTimeout: 0, new_bucketing: true, orientation: PORTRAIT, orig_os: android, osVersion: 14.0, os_version: 14.0, pixelRatio: 2.25, platform: ANDROID, platformName: Android, platformVersion: 14, realMobile: true, sessionId: 38110b8e69fdced0a979e6d0947..., skipServerInstallation: true, statBarHeight: 151, systemPort: 8205, takesScreenshot: true, udid: 38261FDJG008RS, version: , viewportRect: {height: 1926, left: 0, top: 151, width: 1008}, warnings: {}, webStorageEnabled: false}
Session ID: 38110b8e69fdced0a979e6d094795a17cb697b0f
	at org.openqa.selenium.remote.ErrorHandler.createThrowable(ErrorHandler.java:214)
	at org.openqa.selenium.remote.ErrorHandler.throwIfResponseFailed(ErrorHandler.java:166)
	at org.openqa.selenium.remote.http.JsonHttpResponseCodec.reconstructValue(JsonHttpResponseCodec.java:40)
	at org.openqa.selenium.remote.http.AbstractHttpResponseCodec.decode(AbstractHttpResponseCodec.java:80)
	at org.openqa.selenium.remote.http.AbstractHttpResponseCodec.decode(AbstractHttpResponseCodec.java:44)
	at org.openqa.selenium.remote.HttpCommandExecutor.execute(HttpCommandExecutor.java:158)
	at io.appium.java_client.remote.AppiumCommandExecutor.execute(AppiumCommandExecutor.java:239)
	at org.openqa.selenium.remote.RemoteWebDriver.execute(RemoteWebDriver.java:552)
	at io.appium.java_client.DefaultGenericMobileDriver.execute(DefaultGenericMobileDriver.java:41)
	at io.appium.java_client.AppiumDriver.execute(AppiumDriver.java:1)
	at io.appium.java_client.android.AndroidDriver.execute(AndroidDriver.java:1)
	at org.openqa.selenium.remote.RemoteWebDriver.executeScript(RemoteWebDriver.java:489)
	at com.business.zee.AndroidHipiMPWABusinessLogic.launchApptime(AndroidHipiMPWABusinessLogic.java:1254)
	at com.zee5.Android_HipiScripts.Android_MWEB.launchApptime(Android_MWEB.java:31)
	at java.base/java.util.concurrent.FutureTask.run(FutureTask.java:264)
	at java.base/java.util.concurrent.ThreadPoolExecutor.runWorker(ThreadPoolExecutor.java:1136)
	at java.base/java.util.concurrent.ThreadPoolExecutor$Worker.run(ThreadPoolExecutor.java:635)
	at java.base/java.lang.Thread.run(Thread.java:833)
... Removed 21 stack frames]]>
    </failure>
  </testcase> <!-- launchApptime -->
</testsuite> <!-- AndroidHiPiNeo -->
