<?xml version="1.0" encoding="UTF-8"?>
<!-- Generated by org.testng.reporters.JUnitXMLReporter -->
<testsuite hostname="DESKTOP-077G3EM" failures="0" tests="3" name="AndroidHiPiNeo" time="225.149" errors="0" timestamp="2 Nov 2023 12:57:25 GMT">
  <testcase classname="com.zee5.Android_HipiScripts.AndroidHiPiNeoP0" name="Login" time="102.389"/>
  <testcase classname="com.zee5.Android_HipiScripts.AndroidHiPiNeoP0" name="EffectsLoadTime" time="40.519"/>
  <testcase classname="com.zee5.Android_HipiScripts.AndroidHiPiNeoP0" name="FilterLoadTime" time="51.406"/>
</testsuite> <!-- AndroidHiPiNeo -->
