<?xml version="1.0" encoding="UTF-8"?>
<!-- Generated by org.testng.reporters.JUnitXMLReporter -->
<testsuite hostname="DESKTOP-077G3EM" failures="0" tests="3" name="AndroidHiPiNeo" time="498.315" errors="0" timestamp="30 Oct 2023 09:44:23 GMT">
  <testcase classname="com.zee5.Android_HipiScripts.AndroidHiPiNeoP0" name="Login" time="57.74"/>
  <testcase classname="com.zee5.Android_HipiScripts.AndroidHiPiNeoP0" name="videoNextTime__90Sec" time="291.124"/>
  <testcase classname="com.zee5.Android_HipiScripts.AndroidHiPiNeoP0" name="CreatorPlatformSoundScreenLoadTime" time="118.345"/>
</testsuite> <!-- AndroidHiPiNeo -->
