<?xml version="1.0" encoding="UTF-8"?>
<!-- Generated by org.testng.reporters.JUnitXMLReporter -->
<testsuite hostname="DESKTOP-077G3EM" failures="0" tests="2" name="AndroidHiPiNeo" time="7.968" errors="0" timestamp="29 Nov 2022 06:39:13 GMT">
  <testcase classname="com.zee5.Android_HipiScripts.AndroidHiPiNeoP0" name="@BeforeTest AppLaunch" time="0.0">
    <skipped/>
  </testcase> <!-- @BeforeTest AppLaunch -->
  <testcase classname="com.zee5.Android_HipiScripts.AndroidHiPiNeoP0" name="@AfterTest tearDownApp" time="0.0">
    <skipped/>
  </testcase> <!-- @AfterTest tearDownApp -->
  <testcase classname="com.zee5.Android_HipiScripts.AndroidHiPiNeoP0" name="launchApptime" time="0.002">
    <skipped/>
  </testcase> <!-- launchApptime -->
  <testcase classname="com.zee5.Android_HipiScripts.AndroidHiPiNeoP0" name="Login" time="0.404">
    <skipped/>
  </testcase> <!-- Login -->
</testsuite> <!-- AndroidHiPiNeo -->
