<?xml version="1.0" encoding="UTF-8"?>
<!-- Generated by org.testng.reporters.JUnitXMLReporter -->
<testsuite hostname="DESKTOP-077G3EM" failures="0" tests="1" name="Default test" time="1.137" errors="0" timestamp="8 May 2023 09:18:12 GMT">
  <testcase classname="com.zee5.Android_HipiScripts.Android_MWEB" name="@BeforeTest AppLaunch" time="0.0">
    <skipped/>
  </testcase> <!-- @BeforeTest AppLaunch -->
  <testcase classname="com.zee5.Android_HipiScripts.Android_MWEB" name="@AfterTest tearDownApp" time="0.0">
    <skipped/>
  </testcase> <!-- @AfterTest tearDownApp -->
  <testcase classname="com.zee5.Android_HipiScripts.Android_MWEB" name="FeedP0TCs" time="0.0">
    <skipped/>
  </testcase> <!-- FeedP0TCs -->
</testsuite> <!-- Default test -->
