<?xml version="1.0" encoding="UTF-8"?>
<testng-results total="11" passed="0" failed="10" skipped="1">
  <reporter-output>
  </reporter-output>
  <suite started-at="2023-10-20T06:38:24Z" name="Suite" finished-at="2023-10-20T06:38:24Z" duration-ms="0">
    <groups>
    </groups>
  </suite> <!-- Suite -->
  <suite started-at="2023-10-20T06:38:24Z" name="BrowserStack (0)" finished-at="2023-10-20T06:38:24Z" duration-ms="637">
    <groups>
    </groups>
    <test started-at="2023-10-20T06:38:24Z" name="AndroidHiPiNeo" finished-at="2023-10-20T06:38:24Z" duration-ms="637">
      <class name="com.zee5.Android_HipiScripts.AndroidHiPiNeoP0">
        <test-method is-config="true" signature="AppLaunch()[pri:0, instance:com.zee5.Android_HipiScripts.AndroidHiPiNeoP0@77128536]" started-at="2023-10-20T12:08:24Z" name="AppLaunch" finished-at="2023-10-20T12:08:24Z" duration-ms="0" status="SKIP">
          <exception class="org.testng.SkipException">
            <message>
              <![CDATA[PlatForm not matched...]]>
            </message>
            <full-stacktrace>
              <![CDATA[org.testng.SkipException: PlatForm not matched...
	at com.driverInstance.Drivertools.<init>(Drivertools.java:419)
	at com.driverInstance.DriverInstance.<init>(DriverInstance.java:39)
	at com.business.zee.Zee5ApplicasterHipiNeoBusinessLogic.<init>(Zee5ApplicasterHipiNeoBusinessLogic.java:100)
	at com.zee5.Android_HipiScripts.AndroidHiPiNeoP0.AppLaunch(AndroidHiPiNeoP0.java:19)
	at java.base/jdk.internal.reflect.NativeMethodAccessorImpl.invoke0(Native Method)
	at java.base/jdk.internal.reflect.NativeMethodAccessorImpl.invoke(NativeMethodAccessorImpl.java:77)
	at java.base/jdk.internal.reflect.DelegatingMethodAccessorImpl.invoke(DelegatingMethodAccessorImpl.java:43)
	at java.base/java.lang.reflect.Method.invoke(Method.java:568)
	at org.testng.internal.MethodInvocationHelper.invokeMethod(MethodInvocationHelper.java:86)
	at org.testng.internal.Invoker.invokeConfigurationMethod(Invoker.java:514)
	at org.testng.internal.Invoker.invokeConfigurations(Invoker.java:215)
	at org.testng.internal.Invoker.invokeConfigurations(Invoker.java:142)
	at org.testng.TestRunner.beforeRun(TestRunner.java:656)
	at org.testng.TestRunner.run(TestRunner.java:624)
	at org.testng.SuiteRunner.runTest(SuiteRunner.java:366)
	at org.testng.SuiteRunner.access$000(SuiteRunner.java:39)
	at org.testng.SuiteRunner$SuiteWorker.run(SuiteRunner.java:400)
	at org.testng.internal.thread.ThreadUtil$2.call(ThreadUtil.java:64)
	at java.base/java.util.concurrent.FutureTask.run(FutureTask.java:264)
	at java.base/java.util.concurrent.ThreadPoolExecutor.runWorker(ThreadPoolExecutor.java:1136)
	at java.base/java.util.concurrent.ThreadPoolExecutor$Worker.run(ThreadPoolExecutor.java:635)
	at java.base/java.lang.Thread.run(Thread.java:833)
]]>
            </full-stacktrace>
          </exception> <!-- org.testng.SkipException -->
          <reporter-output>
          </reporter-output>
        </test-method> <!-- AppLaunch -->
        <test-method signature="Login(java.lang.String)[pri:1, instance:com.zee5.Android_HipiScripts.AndroidHiPiNeoP0@77128536]" started-at="2023-10-20T12:08:24Z" name="Login" finished-at="2023-10-20T12:08:24Z" duration-ms="1" status="SKIP">
          <params>
            <param index="0">
              <value>
                <![CDATA[NonSubscribedUser]]>
              </value>
            </param>
          </params>
          <reporter-output>
          </reporter-output>
        </test-method> <!-- Login -->
        <test-method is-config="true" signature="tearDownApp()[pri:0, instance:com.zee5.Android_HipiScripts.AndroidHiPiNeoP0@77128536]" started-at="2023-10-20T12:08:24Z" name="tearDownApp" finished-at="2023-10-20T12:08:24Z" duration-ms="0" status="SKIP">
          <reporter-output>
          </reporter-output>
        </test-method> <!-- tearDownApp -->
      </class> <!-- com.zee5.Android_HipiScripts.AndroidHiPiNeoP0 -->
    </test> <!-- AndroidHiPiNeo -->
  </suite> <!-- BrowserStack (0) -->
  <suite started-at="2023-10-20T06:36:11Z" name="BrowserStack" finished-at="2023-10-20T06:38:24Z" duration-ms="132903">
    <groups>
    </groups>
    <test started-at="2023-10-20T06:36:11Z" name="AndroidHiPiNeo" finished-at="2023-10-20T06:38:24Z" duration-ms="132903">
      <class name="com.zee5.Android_HipiScripts.AndroidHiPiNeoP0">
        <test-method is-config="true" signature="AppLaunch()[pri:0, instance:com.zee5.Android_HipiScripts.AndroidHiPiNeoP0@5f9be66c]" started-at="2023-10-20T12:06:11Z" name="AppLaunch" finished-at="2023-10-20T12:06:34Z" duration-ms="23101" status="PASS">
          <reporter-output>
          </reporter-output>
        </test-method> <!-- AppLaunch -->
        <test-method signature="launchApptime(java.lang.String)[pri:0, instance:com.zee5.Android_HipiScripts.AndroidHiPiNeoP0@5f9be66c]" started-at="2023-10-20T12:06:34Z" name="launchApptime" finished-at="2023-10-20T12:07:27Z" duration-ms="53555" status="FAIL">
          <params>
            <param index="0">
              <value>
                <![CDATA[NonSubscribedUser]]>
              </value>
            </param>
          </params>
          <exception class="java.lang.NullPointerException">
            <message>
              <![CDATA[Cannot invoke "com.aventstack.extentreports.ExtentTest.log(com.aventstack.extentreports.Status, String)" because the return value of "java.lang.ThreadLocal.get()" is null]]>
            </message>
            <full-stacktrace>
              <![CDATA[java.lang.NullPointerException: Cannot invoke "com.aventstack.extentreports.ExtentTest.log(com.aventstack.extentreports.Status, String)" because the return value of "java.lang.ThreadLocal.get()" is null
	at com.extent.ExtentReporter.extentLogger(ExtentReporter.java:246)
	at com.utility.Utilities.verifyElementExist(Utilities.java:325)
	at com.business.zee.Zee5ApplicasterHipiNeoBusinessLogic.launchApptime(Zee5ApplicasterHipiNeoBusinessLogic.java:47987)
	at com.zee5.Android_HipiScripts.AndroidHiPiNeoP0.launchApptime(AndroidHiPiNeoP0.java:31)
	at java.base/jdk.internal.reflect.NativeMethodAccessorImpl.invoke0(Native Method)
	at java.base/jdk.internal.reflect.NativeMethodAccessorImpl.invoke(NativeMethodAccessorImpl.java:77)
	at java.base/jdk.internal.reflect.DelegatingMethodAccessorImpl.invoke(DelegatingMethodAccessorImpl.java:43)
	at java.base/java.lang.reflect.Method.invoke(Method.java:568)
	at org.testng.internal.MethodInvocationHelper.invokeMethod(MethodInvocationHelper.java:86)
	at org.testng.internal.Invoker.invokeMethod(Invoker.java:643)
	at org.testng.internal.Invoker.invokeTestMethod(Invoker.java:820)
	at org.testng.internal.Invoker.invokeTestMethods(Invoker.java:1128)
	at org.testng.internal.TestMethodWorker.invokeTestMethods(TestMethodWorker.java:129)
	at org.testng.internal.TestMethodWorker.run(TestMethodWorker.java:112)
	at org.testng.TestRunner.privateRun(TestRunner.java:782)
	at org.testng.TestRunner.run(TestRunner.java:632)
	at org.testng.SuiteRunner.runTest(SuiteRunner.java:366)
	at org.testng.SuiteRunner.access$000(SuiteRunner.java:39)
	at org.testng.SuiteRunner$SuiteWorker.run(SuiteRunner.java:400)
	at org.testng.internal.thread.ThreadUtil$2.call(ThreadUtil.java:64)
	at java.base/java.util.concurrent.FutureTask.run(FutureTask.java:264)
	at java.base/java.util.concurrent.ThreadPoolExecutor.runWorker(ThreadPoolExecutor.java:1136)
	at java.base/java.util.concurrent.ThreadPoolExecutor$Worker.run(ThreadPoolExecutor.java:635)
	at java.base/java.lang.Thread.run(Thread.java:833)
]]>
            </full-stacktrace>
          </exception> <!-- java.lang.NullPointerException -->
          <reporter-output>
          </reporter-output>
        </test-method> <!-- launchApptime -->
        <test-method signature="DiscoverScreenLoadTime(java.lang.String)[pri:4, instance:com.zee5.Android_HipiScripts.AndroidHiPiNeoP0@5f9be66c]" started-at="2023-10-20T12:07:27Z" name="DiscoverScreenLoadTime" finished-at="2023-10-20T12:07:30Z" duration-ms="2864" status="FAIL">
          <params>
            <param index="0">
              <value>
                <![CDATA[NonSubscribedUser]]>
              </value>
            </param>
          </params>
          <exception class="java.lang.NullPointerException">
            <message>
              <![CDATA[Cannot invoke "com.aventstack.extentreports.ExtentTest.log(com.aventstack.extentreports.Status, String)" because the return value of "java.lang.ThreadLocal.get()" is null]]>
            </message>
            <full-stacktrace>
              <![CDATA[java.lang.NullPointerException: Cannot invoke "com.aventstack.extentreports.ExtentTest.log(com.aventstack.extentreports.Status, String)" because the return value of "java.lang.ThreadLocal.get()" is null
	at com.extent.ExtentReporter.extentLogger(ExtentReporter.java:246)
	at com.business.zee.Zee5ApplicasterHipiNeoBusinessLogic.DiscoverScreenLoadTime(Zee5ApplicasterHipiNeoBusinessLogic.java:48292)
	at com.zee5.Android_HipiScripts.AndroidHiPiNeoP0.DiscoverScreenLoadTime(AndroidHiPiNeoP0.java:57)
	at java.base/jdk.internal.reflect.NativeMethodAccessorImpl.invoke0(Native Method)
	at java.base/jdk.internal.reflect.NativeMethodAccessorImpl.invoke(NativeMethodAccessorImpl.java:77)
	at java.base/jdk.internal.reflect.DelegatingMethodAccessorImpl.invoke(DelegatingMethodAccessorImpl.java:43)
	at java.base/java.lang.reflect.Method.invoke(Method.java:568)
	at org.testng.internal.MethodInvocationHelper.invokeMethod(MethodInvocationHelper.java:86)
	at org.testng.internal.Invoker.invokeMethod(Invoker.java:643)
	at org.testng.internal.Invoker.invokeTestMethod(Invoker.java:820)
	at org.testng.internal.Invoker.invokeTestMethods(Invoker.java:1128)
	at org.testng.internal.TestMethodWorker.invokeTestMethods(TestMethodWorker.java:129)
	at org.testng.internal.TestMethodWorker.run(TestMethodWorker.java:112)
	at org.testng.TestRunner.privateRun(TestRunner.java:782)
	at org.testng.TestRunner.run(TestRunner.java:632)
	at org.testng.SuiteRunner.runTest(SuiteRunner.java:366)
	at org.testng.SuiteRunner.access$000(SuiteRunner.java:39)
	at org.testng.SuiteRunner$SuiteWorker.run(SuiteRunner.java:400)
	at org.testng.internal.thread.ThreadUtil$2.call(ThreadUtil.java:64)
	at java.base/java.util.concurrent.FutureTask.run(FutureTask.java:264)
	at java.base/java.util.concurrent.ThreadPoolExecutor.runWorker(ThreadPoolExecutor.java:1136)
	at java.base/java.util.concurrent.ThreadPoolExecutor$Worker.run(ThreadPoolExecutor.java:635)
	at java.base/java.lang.Thread.run(Thread.java:833)
]]>
            </full-stacktrace>
          </exception> <!-- java.lang.NullPointerException -->
          <reporter-output>
          </reporter-output>
        </test-method> <!-- DiscoverScreenLoadTime -->
        <test-method signature="AutoSuggestionTime(java.lang.String)[pri:5, instance:com.zee5.Android_HipiScripts.AndroidHiPiNeoP0@5f9be66c]" started-at="2023-10-20T12:07:30Z" name="AutoSuggestionTime" finished-at="2023-10-20T12:07:48Z" duration-ms="17376" status="FAIL">
          <params>
            <param index="0">
              <value>
                <![CDATA[NonSubscribedUser]]>
              </value>
            </param>
          </params>
          <exception class="java.lang.NullPointerException">
            <message>
              <![CDATA[Cannot invoke "com.aventstack.extentreports.ExtentTest.log(com.aventstack.extentreports.Status, String)" because the return value of "java.lang.ThreadLocal.get()" is null]]>
            </message>
            <full-stacktrace>
              <![CDATA[java.lang.NullPointerException: Cannot invoke "com.aventstack.extentreports.ExtentTest.log(com.aventstack.extentreports.Status, String)" because the return value of "java.lang.ThreadLocal.get()" is null
	at com.extent.ExtentReporter.extentLogger(ExtentReporter.java:246)
	at com.business.zee.Zee5ApplicasterHipiNeoBusinessLogic.AutoSuggestionTime(Zee5ApplicasterHipiNeoBusinessLogic.java:48332)
	at com.zee5.Android_HipiScripts.AndroidHiPiNeoP0.AutoSuggestionTime(AndroidHiPiNeoP0.java:64)
	at java.base/jdk.internal.reflect.NativeMethodAccessorImpl.invoke0(Native Method)
	at java.base/jdk.internal.reflect.NativeMethodAccessorImpl.invoke(NativeMethodAccessorImpl.java:77)
	at java.base/jdk.internal.reflect.DelegatingMethodAccessorImpl.invoke(DelegatingMethodAccessorImpl.java:43)
	at java.base/java.lang.reflect.Method.invoke(Method.java:568)
	at org.testng.internal.MethodInvocationHelper.invokeMethod(MethodInvocationHelper.java:86)
	at org.testng.internal.Invoker.invokeMethod(Invoker.java:643)
	at org.testng.internal.Invoker.invokeTestMethod(Invoker.java:820)
	at org.testng.internal.Invoker.invokeTestMethods(Invoker.java:1128)
	at org.testng.internal.TestMethodWorker.invokeTestMethods(TestMethodWorker.java:129)
	at org.testng.internal.TestMethodWorker.run(TestMethodWorker.java:112)
	at org.testng.TestRunner.privateRun(TestRunner.java:782)
	at org.testng.TestRunner.run(TestRunner.java:632)
	at org.testng.SuiteRunner.runTest(SuiteRunner.java:366)
	at org.testng.SuiteRunner.access$000(SuiteRunner.java:39)
	at org.testng.SuiteRunner$SuiteWorker.run(SuiteRunner.java:400)
	at org.testng.internal.thread.ThreadUtil$2.call(ThreadUtil.java:64)
	at java.base/java.util.concurrent.FutureTask.run(FutureTask.java:264)
	at java.base/java.util.concurrent.ThreadPoolExecutor.runWorker(ThreadPoolExecutor.java:1136)
	at java.base/java.util.concurrent.ThreadPoolExecutor$Worker.run(ThreadPoolExecutor.java:635)
	at java.base/java.lang.Thread.run(Thread.java:833)
]]>
            </full-stacktrace>
          </exception> <!-- java.lang.NullPointerException -->
          <reporter-output>
          </reporter-output>
        </test-method> <!-- AutoSuggestionTime -->
        <test-method signature="OnClickingBannerScreenLoadTime(java.lang.String)[pri:6, instance:com.zee5.Android_HipiScripts.AndroidHiPiNeoP0@5f9be66c]" started-at="2023-10-20T12:07:48Z" name="OnClickingBannerScreenLoadTime" finished-at="2023-10-20T12:07:49Z" duration-ms="1647" status="FAIL">
          <params>
            <param index="0">
              <value>
                <![CDATA[NonSubscribedUser]]>
              </value>
            </param>
          </params>
          <exception class="java.lang.NullPointerException">
            <message>
              <![CDATA[Cannot invoke "com.aventstack.extentreports.ExtentTest.addScreenCaptureFromBase64String(String)" because the return value of "java.lang.ThreadLocal.get()" is null]]>
            </message>
            <full-stacktrace>
              <![CDATA[java.lang.NullPointerException: Cannot invoke "com.aventstack.extentreports.ExtentTest.addScreenCaptureFromBase64String(String)" because the return value of "java.lang.ThreadLocal.get()" is null
	at com.extent.ExtentReporter.screencapture(ExtentReporter.java:345)
	at com.utility.Utilities.TimeStampverifyElementPresentAndClick(Utilities.java:3229)
	at com.business.zee.Zee5ApplicasterHipiNeoBusinessLogic.OnClickingBannerScreenLoadTime(Zee5ApplicasterHipiNeoBusinessLogic.java:48353)
	at com.zee5.Android_HipiScripts.AndroidHiPiNeoP0.OnClickingBannerScreenLoadTime(AndroidHiPiNeoP0.java:72)
	at java.base/jdk.internal.reflect.NativeMethodAccessorImpl.invoke0(Native Method)
	at java.base/jdk.internal.reflect.NativeMethodAccessorImpl.invoke(NativeMethodAccessorImpl.java:77)
	at java.base/jdk.internal.reflect.DelegatingMethodAccessorImpl.invoke(DelegatingMethodAccessorImpl.java:43)
	at java.base/java.lang.reflect.Method.invoke(Method.java:568)
	at org.testng.internal.MethodInvocationHelper.invokeMethod(MethodInvocationHelper.java:86)
	at org.testng.internal.Invoker.invokeMethod(Invoker.java:643)
	at org.testng.internal.Invoker.invokeTestMethod(Invoker.java:820)
	at org.testng.internal.Invoker.invokeTestMethods(Invoker.java:1128)
	at org.testng.internal.TestMethodWorker.invokeTestMethods(TestMethodWorker.java:129)
	at org.testng.internal.TestMethodWorker.run(TestMethodWorker.java:112)
	at org.testng.TestRunner.privateRun(TestRunner.java:782)
	at org.testng.TestRunner.run(TestRunner.java:632)
	at org.testng.SuiteRunner.runTest(SuiteRunner.java:366)
	at org.testng.SuiteRunner.access$000(SuiteRunner.java:39)
	at org.testng.SuiteRunner$SuiteWorker.run(SuiteRunner.java:400)
	at org.testng.internal.thread.ThreadUtil$2.call(ThreadUtil.java:64)
	at java.base/java.util.concurrent.FutureTask.run(FutureTask.java:264)
	at java.base/java.util.concurrent.ThreadPoolExecutor.runWorker(ThreadPoolExecutor.java:1136)
	at java.base/java.util.concurrent.ThreadPoolExecutor$Worker.run(ThreadPoolExecutor.java:635)
	at java.base/java.lang.Thread.run(Thread.java:833)
]]>
            </full-stacktrace>
          </exception> <!-- java.lang.NullPointerException -->
          <reporter-output>
          </reporter-output>
        </test-method> <!-- OnClickingBannerScreenLoadTime -->
        <test-method signature="railsPageTime(java.lang.String)[pri:7, instance:com.zee5.Android_HipiScripts.AndroidHiPiNeoP0@5f9be66c]" started-at="2023-10-20T12:07:49Z" name="railsPageTime" finished-at="2023-10-20T12:07:50Z" duration-ms="1156" status="FAIL">
          <params>
            <param index="0">
              <value>
                <![CDATA[NonSubscribedUser]]>
              </value>
            </param>
          </params>
          <exception class="java.lang.NullPointerException">
            <message>
              <![CDATA[Cannot invoke "com.aventstack.extentreports.ExtentTest.addScreenCaptureFromBase64String(String)" because the return value of "java.lang.ThreadLocal.get()" is null]]>
            </message>
            <full-stacktrace>
              <![CDATA[java.lang.NullPointerException: Cannot invoke "com.aventstack.extentreports.ExtentTest.addScreenCaptureFromBase64String(String)" because the return value of "java.lang.ThreadLocal.get()" is null
	at com.extent.ExtentReporter.screencapture(ExtentReporter.java:345)
	at com.utility.Utilities.TimeStampverifyElementPresentAndClick(Utilities.java:3229)
	at com.business.zee.Zee5ApplicasterHipiNeoBusinessLogic.railsPageTime(Zee5ApplicasterHipiNeoBusinessLogic.java:48439)
	at com.zee5.Android_HipiScripts.AndroidHiPiNeoP0.railsPageTime(AndroidHiPiNeoP0.java:80)
	at java.base/jdk.internal.reflect.NativeMethodAccessorImpl.invoke0(Native Method)
	at java.base/jdk.internal.reflect.NativeMethodAccessorImpl.invoke(NativeMethodAccessorImpl.java:77)
	at java.base/jdk.internal.reflect.DelegatingMethodAccessorImpl.invoke(DelegatingMethodAccessorImpl.java:43)
	at java.base/java.lang.reflect.Method.invoke(Method.java:568)
	at org.testng.internal.MethodInvocationHelper.invokeMethod(MethodInvocationHelper.java:86)
	at org.testng.internal.Invoker.invokeMethod(Invoker.java:643)
	at org.testng.internal.Invoker.invokeTestMethod(Invoker.java:820)
	at org.testng.internal.Invoker.invokeTestMethods(Invoker.java:1128)
	at org.testng.internal.TestMethodWorker.invokeTestMethods(TestMethodWorker.java:129)
	at org.testng.internal.TestMethodWorker.run(TestMethodWorker.java:112)
	at org.testng.TestRunner.privateRun(TestRunner.java:782)
	at org.testng.TestRunner.run(TestRunner.java:632)
	at org.testng.SuiteRunner.runTest(SuiteRunner.java:366)
	at org.testng.SuiteRunner.access$000(SuiteRunner.java:39)
	at org.testng.SuiteRunner$SuiteWorker.run(SuiteRunner.java:400)
	at org.testng.internal.thread.ThreadUtil$2.call(ThreadUtil.java:64)
	at java.base/java.util.concurrent.FutureTask.run(FutureTask.java:264)
	at java.base/java.util.concurrent.ThreadPoolExecutor.runWorker(ThreadPoolExecutor.java:1136)
	at java.base/java.util.concurrent.ThreadPoolExecutor$Worker.run(ThreadPoolExecutor.java:635)
	at java.base/java.lang.Thread.run(Thread.java:833)
]]>
            </full-stacktrace>
          </exception> <!-- java.lang.NullPointerException -->
          <reporter-output>
          </reporter-output>
        </test-method> <!-- railsPageTime -->
        <test-method signature="hashtagDetailPageTime(java.lang.String)[pri:8, instance:com.zee5.Android_HipiScripts.AndroidHiPiNeoP0@5f9be66c]" started-at="2023-10-20T12:07:50Z" name="hashtagDetailPageTime" finished-at="2023-10-20T12:07:52Z" duration-ms="1126" status="FAIL">
          <params>
            <param index="0">
              <value>
                <![CDATA[NonSubscribedUser]]>
              </value>
            </param>
          </params>
          <exception class="java.lang.NullPointerException">
            <message>
              <![CDATA[Cannot invoke "com.aventstack.extentreports.ExtentTest.addScreenCaptureFromBase64String(String)" because the return value of "java.lang.ThreadLocal.get()" is null]]>
            </message>
            <full-stacktrace>
              <![CDATA[java.lang.NullPointerException: Cannot invoke "com.aventstack.extentreports.ExtentTest.addScreenCaptureFromBase64String(String)" because the return value of "java.lang.ThreadLocal.get()" is null
	at com.extent.ExtentReporter.screencapture(ExtentReporter.java:345)
	at com.utility.Utilities.TimeStampverifyElementPresentAndClick(Utilities.java:3229)
	at com.business.zee.Zee5ApplicasterHipiNeoBusinessLogic.hashtagDetailPageTime(Zee5ApplicasterHipiNeoBusinessLogic.java:48488)
	at com.zee5.Android_HipiScripts.AndroidHiPiNeoP0.hashtagDetailPageTime(AndroidHiPiNeoP0.java:86)
	at java.base/jdk.internal.reflect.NativeMethodAccessorImpl.invoke0(Native Method)
	at java.base/jdk.internal.reflect.NativeMethodAccessorImpl.invoke(NativeMethodAccessorImpl.java:77)
	at java.base/jdk.internal.reflect.DelegatingMethodAccessorImpl.invoke(DelegatingMethodAccessorImpl.java:43)
	at java.base/java.lang.reflect.Method.invoke(Method.java:568)
	at org.testng.internal.MethodInvocationHelper.invokeMethod(MethodInvocationHelper.java:86)
	at org.testng.internal.Invoker.invokeMethod(Invoker.java:643)
	at org.testng.internal.Invoker.invokeTestMethod(Invoker.java:820)
	at org.testng.internal.Invoker.invokeTestMethods(Invoker.java:1128)
	at org.testng.internal.TestMethodWorker.invokeTestMethods(TestMethodWorker.java:129)
	at org.testng.internal.TestMethodWorker.run(TestMethodWorker.java:112)
	at org.testng.TestRunner.privateRun(TestRunner.java:782)
	at org.testng.TestRunner.run(TestRunner.java:632)
	at org.testng.SuiteRunner.runTest(SuiteRunner.java:366)
	at org.testng.SuiteRunner.access$000(SuiteRunner.java:39)
	at org.testng.SuiteRunner$SuiteWorker.run(SuiteRunner.java:400)
	at org.testng.internal.thread.ThreadUtil$2.call(ThreadUtil.java:64)
	at java.base/java.util.concurrent.FutureTask.run(FutureTask.java:264)
	at java.base/java.util.concurrent.ThreadPoolExecutor.runWorker(ThreadPoolExecutor.java:1136)
	at java.base/java.util.concurrent.ThreadPoolExecutor$Worker.run(ThreadPoolExecutor.java:635)
	at java.base/java.lang.Thread.run(Thread.java:833)
]]>
            </full-stacktrace>
          </exception> <!-- java.lang.NullPointerException -->
          <reporter-output>
          </reporter-output>
        </test-method> <!-- hashtagDetailPageTime -->
        <test-method signature="BannerLoadTime(java.lang.String)[pri:9, instance:com.zee5.Android_HipiScripts.AndroidHiPiNeoP0@5f9be66c]" started-at="2023-10-20T12:07:52Z" name="BannerLoadTime" finished-at="2023-10-20T12:07:53Z" duration-ms="1169" status="FAIL">
          <params>
            <param index="0">
              <value>
                <![CDATA[NonSubscribedUser]]>
              </value>
            </param>
          </params>
          <exception class="java.lang.NullPointerException">
            <message>
              <![CDATA[Cannot invoke "com.aventstack.extentreports.ExtentTest.addScreenCaptureFromBase64String(String)" because the return value of "java.lang.ThreadLocal.get()" is null]]>
            </message>
            <full-stacktrace>
              <![CDATA[java.lang.NullPointerException: Cannot invoke "com.aventstack.extentreports.ExtentTest.addScreenCaptureFromBase64String(String)" because the return value of "java.lang.ThreadLocal.get()" is null
	at com.extent.ExtentReporter.screencapture(ExtentReporter.java:345)
	at com.utility.Utilities.TimeStampverifyElementPresentAndClick(Utilities.java:3229)
	at com.business.zee.Zee5ApplicasterHipiNeoBusinessLogic.BannerLoadTime(Zee5ApplicasterHipiNeoBusinessLogic.java:48609)
	at com.zee5.Android_HipiScripts.AndroidHiPiNeoP0.BannerLoadTime(AndroidHiPiNeoP0.java:94)
	at java.base/jdk.internal.reflect.NativeMethodAccessorImpl.invoke0(Native Method)
	at java.base/jdk.internal.reflect.NativeMethodAccessorImpl.invoke(NativeMethodAccessorImpl.java:77)
	at java.base/jdk.internal.reflect.DelegatingMethodAccessorImpl.invoke(DelegatingMethodAccessorImpl.java:43)
	at java.base/java.lang.reflect.Method.invoke(Method.java:568)
	at org.testng.internal.MethodInvocationHelper.invokeMethod(MethodInvocationHelper.java:86)
	at org.testng.internal.Invoker.invokeMethod(Invoker.java:643)
	at org.testng.internal.Invoker.invokeTestMethod(Invoker.java:820)
	at org.testng.internal.Invoker.invokeTestMethods(Invoker.java:1128)
	at org.testng.internal.TestMethodWorker.invokeTestMethods(TestMethodWorker.java:129)
	at org.testng.internal.TestMethodWorker.run(TestMethodWorker.java:112)
	at org.testng.TestRunner.privateRun(TestRunner.java:782)
	at org.testng.TestRunner.run(TestRunner.java:632)
	at org.testng.SuiteRunner.runTest(SuiteRunner.java:366)
	at org.testng.SuiteRunner.access$000(SuiteRunner.java:39)
	at org.testng.SuiteRunner$SuiteWorker.run(SuiteRunner.java:400)
	at org.testng.internal.thread.ThreadUtil$2.call(ThreadUtil.java:64)
	at java.base/java.util.concurrent.FutureTask.run(FutureTask.java:264)
	at java.base/java.util.concurrent.ThreadPoolExecutor.runWorker(ThreadPoolExecutor.java:1136)
	at java.base/java.util.concurrent.ThreadPoolExecutor$Worker.run(ThreadPoolExecutor.java:635)
	at java.base/java.lang.Thread.run(Thread.java:833)
]]>
            </full-stacktrace>
          </exception> <!-- java.lang.NullPointerException -->
          <reporter-output>
          </reporter-output>
        </test-method> <!-- BannerLoadTime -->
        <test-method signature="SearchScreenTimePostSearchingAKeyword(java.lang.String)[pri:10, instance:com.zee5.Android_HipiScripts.AndroidHiPiNeoP0@5f9be66c]" started-at="2023-10-20T12:07:53Z" name="SearchScreenTimePostSearchingAKeyword" finished-at="2023-10-20T12:07:54Z" duration-ms="1365" status="FAIL">
          <params>
            <param index="0">
              <value>
                <![CDATA[NonSubscribedUser]]>
              </value>
            </param>
          </params>
          <exception class="java.lang.NullPointerException">
            <message>
              <![CDATA[Cannot invoke "com.aventstack.extentreports.ExtentTest.addScreenCaptureFromBase64String(String)" because the return value of "java.lang.ThreadLocal.get()" is null]]>
            </message>
            <full-stacktrace>
              <![CDATA[java.lang.NullPointerException: Cannot invoke "com.aventstack.extentreports.ExtentTest.addScreenCaptureFromBase64String(String)" because the return value of "java.lang.ThreadLocal.get()" is null
	at com.extent.ExtentReporter.screencapture(ExtentReporter.java:345)
	at com.utility.Utilities.TimeStampverifyElementPresentAndClick(Utilities.java:3229)
	at com.business.zee.Zee5ApplicasterHipiNeoBusinessLogic.SearchScreenTimePostSearchingAKeyword(Zee5ApplicasterHipiNeoBusinessLogic.java:48649)
	at com.zee5.Android_HipiScripts.AndroidHiPiNeoP0.SearchScreenTimePostSearchingAKeyword(AndroidHiPiNeoP0.java:102)
	at java.base/jdk.internal.reflect.NativeMethodAccessorImpl.invoke0(Native Method)
	at java.base/jdk.internal.reflect.NativeMethodAccessorImpl.invoke(NativeMethodAccessorImpl.java:77)
	at java.base/jdk.internal.reflect.DelegatingMethodAccessorImpl.invoke(DelegatingMethodAccessorImpl.java:43)
	at java.base/java.lang.reflect.Method.invoke(Method.java:568)
	at org.testng.internal.MethodInvocationHelper.invokeMethod(MethodInvocationHelper.java:86)
	at org.testng.internal.Invoker.invokeMethod(Invoker.java:643)
	at org.testng.internal.Invoker.invokeTestMethod(Invoker.java:820)
	at org.testng.internal.Invoker.invokeTestMethods(Invoker.java:1128)
	at org.testng.internal.TestMethodWorker.invokeTestMethods(TestMethodWorker.java:129)
	at org.testng.internal.TestMethodWorker.run(TestMethodWorker.java:112)
	at org.testng.TestRunner.privateRun(TestRunner.java:782)
	at org.testng.TestRunner.run(TestRunner.java:632)
	at org.testng.SuiteRunner.runTest(SuiteRunner.java:366)
	at org.testng.SuiteRunner.access$000(SuiteRunner.java:39)
	at org.testng.SuiteRunner$SuiteWorker.run(SuiteRunner.java:400)
	at org.testng.internal.thread.ThreadUtil$2.call(ThreadUtil.java:64)
	at java.base/java.util.concurrent.FutureTask.run(FutureTask.java:264)
	at java.base/java.util.concurrent.ThreadPoolExecutor.runWorker(ThreadPoolExecutor.java:1136)
	at java.base/java.util.concurrent.ThreadPoolExecutor$Worker.run(ThreadPoolExecutor.java:635)
	at java.base/java.lang.Thread.run(Thread.java:833)
]]>
            </full-stacktrace>
          </exception> <!-- java.lang.NullPointerException -->
          <reporter-output>
          </reporter-output>
        </test-method> <!-- SearchScreenTimePostSearchingAKeyword -->
        <test-method signature="VideoStartUpTimeAfterSwipe(java.lang.String)[pri:19, instance:com.zee5.Android_HipiScripts.AndroidHiPiNeoP0@5f9be66c]" started-at="2023-10-20T12:07:54Z" name="VideoStartUpTimeAfterSwipe" finished-at="2023-10-20T12:08:15Z" duration-ms="21121" status="FAIL">
          <params>
            <param index="0">
              <value>
                <![CDATA[NonSubscribedUser]]>
              </value>
            </param>
          </params>
          <exception class="java.lang.NullPointerException">
            <message>
              <![CDATA[Cannot invoke "com.aventstack.extentreports.ExtentTest.log(com.aventstack.extentreports.Status, String)" because the return value of "java.lang.ThreadLocal.get()" is null]]>
            </message>
            <full-stacktrace>
              <![CDATA[java.lang.NullPointerException: Cannot invoke "com.aventstack.extentreports.ExtentTest.log(com.aventstack.extentreports.Status, String)" because the return value of "java.lang.ThreadLocal.get()" is null
	at com.extent.ExtentReporter.extentLogger(ExtentReporter.java:246)
	at com.business.zee.Zee5ApplicasterHipiNeoBusinessLogic.VideoStartUpTimeAfterSwipe(Zee5ApplicasterHipiNeoBusinessLogic.java:48261)
	at com.zee5.Android_HipiScripts.AndroidHiPiNeoP0.VideoStartUpTimeAfterSwipe(AndroidHiPiNeoP0.java:208)
	at java.base/jdk.internal.reflect.NativeMethodAccessorImpl.invoke0(Native Method)
	at java.base/jdk.internal.reflect.NativeMethodAccessorImpl.invoke(NativeMethodAccessorImpl.java:77)
	at java.base/jdk.internal.reflect.DelegatingMethodAccessorImpl.invoke(DelegatingMethodAccessorImpl.java:43)
	at java.base/java.lang.reflect.Method.invoke(Method.java:568)
	at org.testng.internal.MethodInvocationHelper.invokeMethod(MethodInvocationHelper.java:86)
	at org.testng.internal.Invoker.invokeMethod(Invoker.java:643)
	at org.testng.internal.Invoker.invokeTestMethod(Invoker.java:820)
	at org.testng.internal.Invoker.invokeTestMethods(Invoker.java:1128)
	at org.testng.internal.TestMethodWorker.invokeTestMethods(TestMethodWorker.java:129)
	at org.testng.internal.TestMethodWorker.run(TestMethodWorker.java:112)
	at org.testng.TestRunner.privateRun(TestRunner.java:782)
	at org.testng.TestRunner.run(TestRunner.java:632)
	at org.testng.SuiteRunner.runTest(SuiteRunner.java:366)
	at org.testng.SuiteRunner.access$000(SuiteRunner.java:39)
	at org.testng.SuiteRunner$SuiteWorker.run(SuiteRunner.java:400)
	at org.testng.internal.thread.ThreadUtil$2.call(ThreadUtil.java:64)
	at java.base/java.util.concurrent.FutureTask.run(FutureTask.java:264)
	at java.base/java.util.concurrent.ThreadPoolExecutor.runWorker(ThreadPoolExecutor.java:1136)
	at java.base/java.util.concurrent.ThreadPoolExecutor$Worker.run(ThreadPoolExecutor.java:635)
	at java.base/java.lang.Thread.run(Thread.java:833)
]]>
            </full-stacktrace>
          </exception> <!-- java.lang.NullPointerException -->
          <reporter-output>
          </reporter-output>
        </test-method> <!-- VideoStartUpTimeAfterSwipe -->
        <test-method signature="logout(java.lang.String)[pri:20, instance:com.zee5.Android_HipiScripts.AndroidHiPiNeoP0@5f9be66c]" started-at="2023-10-20T12:08:15Z" name="logout" finished-at="2023-10-20T12:08:18Z" duration-ms="3080" status="FAIL">
          <params>
            <param index="0">
              <value>
                <![CDATA[NonSubscribedUser]]>
              </value>
            </param>
          </params>
          <exception class="java.lang.NullPointerException">
            <message>
              <![CDATA[Cannot invoke "com.aventstack.extentreports.ExtentTest.addScreenCaptureFromBase64String(String)" because the return value of "java.lang.ThreadLocal.get()" is null]]>
            </message>
            <full-stacktrace>
              <![CDATA[java.lang.NullPointerException: Cannot invoke "com.aventstack.extentreports.ExtentTest.addScreenCaptureFromBase64String(String)" because the return value of "java.lang.ThreadLocal.get()" is null
	at com.extent.ExtentReporter.screencapture(ExtentReporter.java:345)
	at com.utility.Utilities.TimeStampverifyElementPresentAndClick(Utilities.java:3229)
	at com.business.zee.Zee5ApplicasterHipiNeoBusinessLogic.searchResults(Zee5ApplicasterHipiNeoBusinessLogic.java:49531)
	at com.zee5.Android_HipiScripts.AndroidHiPiNeoP0.logout(AndroidHiPiNeoP0.java:226)
	at java.base/jdk.internal.reflect.NativeMethodAccessorImpl.invoke0(Native Method)
	at java.base/jdk.internal.reflect.NativeMethodAccessorImpl.invoke(NativeMethodAccessorImpl.java:77)
	at java.base/jdk.internal.reflect.DelegatingMethodAccessorImpl.invoke(DelegatingMethodAccessorImpl.java:43)
	at java.base/java.lang.reflect.Method.invoke(Method.java:568)
	at org.testng.internal.MethodInvocationHelper.invokeMethod(MethodInvocationHelper.java:86)
	at org.testng.internal.Invoker.invokeMethod(Invoker.java:643)
	at org.testng.internal.Invoker.invokeTestMethod(Invoker.java:820)
	at org.testng.internal.Invoker.invokeTestMethods(Invoker.java:1128)
	at org.testng.internal.TestMethodWorker.invokeTestMethods(TestMethodWorker.java:129)
	at org.testng.internal.TestMethodWorker.run(TestMethodWorker.java:112)
	at org.testng.TestRunner.privateRun(TestRunner.java:782)
	at org.testng.TestRunner.run(TestRunner.java:632)
	at org.testng.SuiteRunner.runTest(SuiteRunner.java:366)
	at org.testng.SuiteRunner.access$000(SuiteRunner.java:39)
	at org.testng.SuiteRunner$SuiteWorker.run(SuiteRunner.java:400)
	at org.testng.internal.thread.ThreadUtil$2.call(ThreadUtil.java:64)
	at java.base/java.util.concurrent.FutureTask.run(FutureTask.java:264)
	at java.base/java.util.concurrent.ThreadPoolExecutor.runWorker(ThreadPoolExecutor.java:1136)
	at java.base/java.util.concurrent.ThreadPoolExecutor$Worker.run(ThreadPoolExecutor.java:635)
	at java.base/java.lang.Thread.run(Thread.java:833)
]]>
            </full-stacktrace>
          </exception> <!-- java.lang.NullPointerException -->
          <reporter-output>
          </reporter-output>
        </test-method> <!-- logout -->
        <test-method is-config="true" signature="tearDownApp()[pri:0, instance:com.zee5.Android_HipiScripts.AndroidHiPiNeoP0@5f9be66c]" started-at="2023-10-20T12:08:18Z" name="tearDownApp" finished-at="2023-10-20T12:08:18Z" duration-ms="0" status="FAIL">
          <exception class="com.spire.xls.packages.sprbcba">
            <message>
              <![CDATA[Can't find file: C:\Users\Shakir\Downloads\CharlesAndroidHipiNeo\Excel_Reports\20_10_2023\12_06_34.xlsx.]]>
            </message>
            <full-stacktrace>
              <![CDATA[com.spire.xls.packages.sprbcba: Can't find file: C:\Users\Shakir\Downloads\CharlesAndroidHipiNeo\Excel_Reports\20_10_2023\12_06_34.xlsx.
File name: 'C:\Users\Shakir\Downloads\CharlesAndroidHipiNeo\Excel_Reports\20_10_2023\12_06_34.xlsx'
com.spire.xls.packages.sprjcba.<init>(FileStream.java:127)
com.spire.xls.packages.sprjcba.<init>(FileStream.java:144)
com.spire.xls.packages.sprjcba.<init>(FileStream.java:149)
com.spire.xls.packages.sprgeba.spr▤┚﻿—(File.java:234)
com.spire.xls.packages.sprvbg.spr∭┑(Unknown Source)
com.spire.xls.packages.sprvbg.<init>(Unknown Source)
com.spire.xls.core.spreadsheet.XlsWorkbook.<init>(Unknown Source)
com.spire.xls.Workbook.loadFromFile(Unknown Source)
com.spire.xls.Workbook.loadFromFile(Unknown Source)
com.excel.Time_ExcelUpdate.AutoFitColumn(Time_ExcelUpdate.java:608)
com.zee5.Android_HipiScripts.AndroidHiPiNeoP0.tearDownApp(AndroidHiPiNeoP0.java:891)
java.base/jdk.internal.reflect.NativeMethodAccessorImpl.invoke0(Native Method)
java.base/jdk.internal.reflect.NativeMethodAccessorImpl.invoke(NativeMethodAccessorImpl.java:77)
java.base/jdk.internal.reflect.DelegatingMethodAccessorImpl.invoke(DelegatingMethodAccessorImpl.java:43)
java.base/java.lang.reflect.Method.invoke(Method.java:568)
org.testng.internal.MethodInvocationHelper.invokeMethod(MethodInvocationHelper.java:86)
org.testng.internal.Invoker.invokeConfigurationMethod(Invoker.java:514)
org.testng.internal.Invoker.invokeConfigurations(Invoker.java:215)
org.testng.internal.Invoker.invokeConfigurations(Invoker.java:142)
org.testng.TestRunner.afterRun(TestRunner.java:1012)
org.testng.TestRunner.run(TestRunner.java:636)
org.testng.SuiteRunner.runTest(SuiteRunner.java:366)
org.testng.SuiteRunner.access$000(SuiteRunner.java:39)
org.testng.SuiteRunner$SuiteWorker.run(SuiteRunner.java:400)
org.testng.internal.thread.ThreadUtil$2.call(ThreadUtil.java:64)
java.base/java.util.concurrent.FutureTask.run(FutureTask.java:264)
java.base/java.util.concurrent.ThreadPoolExecutor.runWorker(ThreadPoolExecutor.java:1136)
java.base/java.util.concurrent.ThreadPoolExecutor$Worker.run(ThreadPoolExecutor.java:635)
java.base/java.lang.Thread.run(Thread.java:833)
	at com.spire.xls.packages.sprjcba.<init>(FileStream.java:127)
	at com.spire.xls.packages.sprjcba.<init>(FileStream.java:144)
	at com.spire.xls.packages.sprjcba.<init>(FileStream.java:149)
	at com.spire.xls.packages.sprgeba.spr▤┚﻿—(File.java:234)
	at com.spire.xls.packages.sprvbg.spr∭┑(Unknown Source)
	at com.spire.xls.packages.sprvbg.<init>(Unknown Source)
	at com.spire.xls.core.spreadsheet.XlsWorkbook.<init>(Unknown Source)
	at com.spire.xls.Workbook.loadFromFile(Unknown Source)
	at com.spire.xls.Workbook.loadFromFile(Unknown Source)
	at com.excel.Time_ExcelUpdate.AutoFitColumn(Time_ExcelUpdate.java:608)
	at com.zee5.Android_HipiScripts.AndroidHiPiNeoP0.tearDownApp(AndroidHiPiNeoP0.java:891)
	at java.base/jdk.internal.reflect.NativeMethodAccessorImpl.invoke0(Native Method)
	at java.base/jdk.internal.reflect.NativeMethodAccessorImpl.invoke(NativeMethodAccessorImpl.java:77)
	at java.base/jdk.internal.reflect.DelegatingMethodAccessorImpl.invoke(DelegatingMethodAccessorImpl.java:43)
	at java.base/java.lang.reflect.Method.invoke(Method.java:568)
	at org.testng.internal.MethodInvocationHelper.invokeMethod(MethodInvocationHelper.java:86)
	at org.testng.internal.Invoker.invokeConfigurationMethod(Invoker.java:514)
	at org.testng.internal.Invoker.invokeConfigurations(Invoker.java:215)
	at org.testng.internal.Invoker.invokeConfigurations(Invoker.java:142)
	at org.testng.TestRunner.afterRun(TestRunner.java:1012)
	at org.testng.TestRunner.run(TestRunner.java:636)
	at org.testng.SuiteRunner.runTest(SuiteRunner.java:366)
	at org.testng.SuiteRunner.access$000(SuiteRunner.java:39)
	at org.testng.SuiteRunner$SuiteWorker.run(SuiteRunner.java:400)
	at org.testng.internal.thread.ThreadUtil$2.call(ThreadUtil.java:64)
	at java.base/java.util.concurrent.FutureTask.run(FutureTask.java:264)
	at java.base/java.util.concurrent.ThreadPoolExecutor.runWorker(ThreadPoolExecutor.java:1136)
	at java.base/java.util.concurrent.ThreadPoolExecutor$Worker.run(ThreadPoolExecutor.java:635)
	at java.base/java.lang.Thread.run(Thread.java:833)
]]>
            </full-stacktrace>
          </exception> <!-- com.spire.xls.packages.sprbcba -->
          <reporter-output>
          </reporter-output>
        </test-method> <!-- tearDownApp -->
      </class> <!-- com.zee5.Android_HipiScripts.AndroidHiPiNeoP0 -->
    </test> <!-- AndroidHiPiNeo -->
  </suite> <!-- BrowserStack -->
</testng-results>
