<?xml version="1.0" encoding="UTF-8"?>
<testng-results total="1" passed="1" failed="0" skipped="0">
  <reporter-output>
  </reporter-output>
  <suite started-at="2023-10-25T06:45:11Z" name="BrowserStackMPWA" finished-at="2023-10-25T06:47:59Z" duration-ms="167459">
    <groups>
    </groups>
    <test started-at="2023-10-25T06:45:11Z" name="AndroidHiPiNeo" finished-at="2023-10-25T06:47:59Z" duration-ms="167459">
      <class name="com.zee5.Android_HipiScripts.Android_MWEB">
        <test-method is-config="true" signature="AppLaunch()[pri:0, instance:com.zee5.Android_HipiScripts.Android_MWEB@13c3c1e1]" started-at="2023-10-25T12:15:17Z" name="AppLaunch" finished-at="2023-10-25T12:15:33Z" duration-ms="15370" status="PASS">
          <reporter-output>
          </reporter-output>
        </test-method> <!-- AppLaunch -->
        <test-method signature="launchApptime(java.lang.String)[pri:0, instance:com.zee5.Android_HipiScripts.Android_MWEB@13c3c1e1]" started-at="2023-10-25T12:15:33Z" name="launchApptime" finished-at="2023-10-25T12:17:54Z" duration-ms="141554" status="PASS">
          <params>
            <param index="0">
              <value>
                <![CDATA[Guest]]>
              </value>
            </param>
          </params>
          <reporter-output>
          </reporter-output>
        </test-method> <!-- launchApptime -->
        <test-method is-config="true" signature="tearDownApp()[pri:0, instance:com.zee5.Android_HipiScripts.Android_MWEB@13c3c1e1]" started-at="2023-10-25T12:17:54Z" name="tearDownApp" finished-at="2023-10-25T12:17:59Z" duration-ms="4179" status="PASS">
          <reporter-output>
          </reporter-output>
        </test-method> <!-- tearDownApp -->
      </class> <!-- com.zee5.Android_HipiScripts.Android_MWEB -->
    </test> <!-- AndroidHiPiNeo -->
  </suite> <!-- BrowserStackMPWA -->
</testng-results>
