<?xml version="1.0" encoding="UTF-8"?>
<!-- Generated by org.testng.reporters.JUnitXMLReporter -->
<testsuite hostname="DESKTOP-077G3EM" failures="0" tests="13" name="Android_Hipi_Sanity" time="7.039" errors="0" timestamp="16 Aug 2023 12:36:49 GMT">
  <testcase classname="com.zee5.Android_HipiScripts.AndroidHiPiNeoP0" name="@BeforeTest AppLaunch" time="0.0">
    <failure type="java.lang.NumberFormatException" message="Cannot parse null string">
      <![CDATA[java.lang.NumberFormatException: Cannot parse null string
	at java.base/java.lang.Integer.parseInt(Integer.java:630)
	at java.base/java.lang.Integer.parseInt(Integer.java:786)
	at com.driverInstance.Drivertools.<init>(Drivertools.java:314)
	at com.driverInstance.DriverInstance.<init>(DriverInstance.java:38)
	at com.business.zee.Zee5ApplicasterHipiNeoBusinessLogic.<init>(Zee5ApplicasterHipiNeoBusinessLogic.java:99)
	at com.zee5.Android_HipiScripts.AndroidHiPiNeoP0.AppLaunch(AndroidHiPiNeoP0.java:19)
... Removed 22 stack frames]]>
    </failure>
  </testcase> <!-- @BeforeTest AppLaunch -->
  <testcase classname="com.zee5.Android_HipiScripts.AndroidHiPiNeoP0" name="@AfterTest tearDownApp" time="0.0">
    <skipped/>
  </testcase> <!-- @AfterTest tearDownApp -->
  <testcase classname="com.zee5.Android_HipiScripts.AndroidHiPiNeoP0" name="FeedModuleNewP0" time="0.002">
    <skipped/>
  </testcase> <!-- FeedModuleNewP0 -->
  <testcase classname="com.zee5.Android_HipiScripts.AndroidHiPiNeoP0" name="createrModuleNewP0TCs" time="0.001">
    <skipped/>
  </testcase> <!-- createrModuleNewP0TCs -->
  <testcase classname="com.zee5.Android_HipiScripts.AndroidHiPiNeoP0" name="postModuleP0Tcs" time="0.0">
    <skipped/>
  </testcase> <!-- postModuleP0Tcs -->
  <testcase classname="com.zee5.Android_HipiScripts.AndroidHiPiNeoP0" name="AllNewModules" time="0.001">
    <skipped/>
  </testcase> <!-- AllNewModules -->
  <testcase classname="com.zee5.Android_HipiScripts.AndroidHiPiNeoP0" name="creatorModulePart2" time="0.0">
    <skipped/>
  </testcase> <!-- creatorModulePart2 -->
  <testcase classname="com.zee5.Android_HipiScripts.AndroidHiPiNeoP0" name="SettingsPrivacyModulePart2" time="0.001">
    <skipped/>
  </testcase> <!-- SettingsPrivacyModulePart2 -->
  <testcase classname="com.zee5.Android_HipiScripts.AndroidHiPiNeoP0" name="AllNewModules1" time="0.0">
    <skipped/>
  </testcase> <!-- AllNewModules1 -->
  <testcase classname="com.zee5.Android_HipiScripts.AndroidHiPiNeoP0" name="FeedPart3ModulesTcs" time="0.001">
    <skipped/>
  </testcase> <!-- FeedPart3ModulesTcs -->
  <testcase classname="com.zee5.Android_HipiScripts.AndroidHiPiNeoP0" name="CreatorModuleNew" time="0.0">
    <skipped/>
  </testcase> <!-- CreatorModuleNew -->
  <testcase classname="com.zee5.Android_HipiScripts.AndroidHiPiNeoP0" name="DiscoverModuleNew" time="0.0">
    <skipped/>
  </testcase> <!-- DiscoverModuleNew -->
  <testcase classname="com.zee5.Android_HipiScripts.AndroidHiPiNeoP0" name="DetailsModule" time="0.0">
    <skipped/>
  </testcase> <!-- DetailsModule -->
  <testcase classname="com.zee5.Android_HipiScripts.AndroidHiPiNeoP0" name="FeedModuleNew" time="0.001">
    <skipped/>
  </testcase> <!-- FeedModuleNew -->
  <testcase classname="com.zee5.Android_HipiScripts.AndroidHiPiNeoP0" name="logout" time="0.001">
    <skipped/>
  </testcase> <!-- logout -->
</testsuite> <!-- Android_Hipi_Sanity -->
