<?xml version="1.0" encoding="UTF-8"?>
<!-- Generated by org.testng.reporters.JUnitXMLReporter -->
<testsuite hostname="DESKTOP-077G3EM" failures="10" tests="10" name="AndroidHiPiNeo" time="132.903" errors="0" timestamp="20 Oct 2023 06:38:24 GMT">
  <testcase classname="com.zee5.Android_HipiScripts.AndroidHiPiNeoP0" name="@AfterTest tearDownApp" time="0.0">
    <failure type="com.spire.xls.packages.sprbcba" message="Can&amp;apos;t find file: C:\Users\Shakir\Downloads\CharlesAndroidHipiNeo\Excel_Reports\20_10_2023\12_06_34.xlsx.">
      <![CDATA[com.spire.xls.packages.sprbcba: Can't find file: C:\Users\Shakir\Downloads\CharlesAndroidHipiNeo\Excel_Reports\20_10_2023\12_06_34.xlsx.
File name: 'C:\Users\Shakir\Downloads\CharlesAndroidHipiNeo\Excel_Reports\20_10_2023\12_06_34.xlsx'
com.spire.xls.packages.sprjcba.<init>(FileStream.java:127)
com.spire.xls.packages.sprjcba.<init>(FileStream.java:144)
com.spire.xls.packages.sprjcba.<init>(FileStream.java:149)
com.spire.xls.packages.sprgeba.spr▤┚﻿—(File.java:234)
com.spire.xls.packages.sprvbg.spr∭┑(Unknown Source)
com.spire.xls.packages.sprvbg.<init>(Unknown Source)
com.spire.xls.core.spreadsheet.XlsWorkbook.<init>(Unknown Source)
com.spire.xls.Workbook.loadFromFile(Unknown Source)
com.spire.xls.Workbook.loadFromFile(Unknown Source)
com.excel.Time_ExcelUpdate.AutoFitColumn(Time_ExcelUpdate.java:608)
com.zee5.Android_HipiScripts.AndroidHiPiNeoP0.tearDownApp(AndroidHiPiNeoP0.java:891)
java.base/java.util.concurrent.FutureTask.run(FutureTask.java:264)
java.base/java.util.concurrent.ThreadPoolExecutor.runWorker(ThreadPoolExecutor.java:1136)
java.base/java.util.concurrent.ThreadPoolExecutor$Worker.run(ThreadPoolExecutor.java:635)
java.base/java.lang.Thread.run(Thread.java:833)
	at com.spire.xls.packages.sprjcba.<init>(FileStream.java:127)
	at com.spire.xls.packages.sprjcba.<init>(FileStream.java:144)
	at com.spire.xls.packages.sprjcba.<init>(FileStream.java:149)
	at com.spire.xls.packages.sprgeba.spr▤┚﻿—(File.java:234)
	at com.spire.xls.packages.sprvbg.spr∭┑(Unknown Source)
	at com.spire.xls.packages.sprvbg.<init>(Unknown Source)
	at com.spire.xls.core.spreadsheet.XlsWorkbook.<init>(Unknown Source)
	at com.spire.xls.Workbook.loadFromFile(Unknown Source)
	at com.spire.xls.Workbook.loadFromFile(Unknown Source)
	at com.excel.Time_ExcelUpdate.AutoFitColumn(Time_ExcelUpdate.java:608)
	at com.zee5.Android_HipiScripts.AndroidHiPiNeoP0.tearDownApp(AndroidHiPiNeoP0.java:891)
	at java.base/java.util.concurrent.FutureTask.run(FutureTask.java:264)
	at java.base/java.util.concurrent.ThreadPoolExecutor.runWorker(ThreadPoolExecutor.java:1136)
	at java.base/java.util.concurrent.ThreadPoolExecutor$Worker.run(ThreadPoolExecutor.java:635)
	at java.base/java.lang.Thread.run(Thread.java:833)
... Removed 28 stack frames]]>
    </failure>
  </testcase> <!-- @AfterTest tearDownApp -->
  <testcase classname="com.zee5.Android_HipiScripts.AndroidHiPiNeoP0" name="launchApptime" time="53.555">
    <failure type="java.lang.NullPointerException" message="Cannot invoke &amp;quot;com.aventstack.extentreports.ExtentTest.log(com.aventstack.extentreports.Status, String)&amp;quot; because the return value of &amp;quot;java.lang.ThreadLocal.get()&amp;quot; is null">
      <![CDATA[java.lang.NullPointerException: Cannot invoke "com.aventstack.extentreports.ExtentTest.log(com.aventstack.extentreports.Status, String)" because the return value of "java.lang.ThreadLocal.get()" is null
	at com.extent.ExtentReporter.extentLogger(ExtentReporter.java:246)
	at com.utility.Utilities.verifyElementExist(Utilities.java:325)
	at com.business.zee.Zee5ApplicasterHipiNeoBusinessLogic.launchApptime(Zee5ApplicasterHipiNeoBusinessLogic.java:47987)
	at com.zee5.Android_HipiScripts.AndroidHiPiNeoP0.launchApptime(AndroidHiPiNeoP0.java:31)
	at java.base/java.util.concurrent.FutureTask.run(FutureTask.java:264)
	at java.base/java.util.concurrent.ThreadPoolExecutor.runWorker(ThreadPoolExecutor.java:1136)
	at java.base/java.util.concurrent.ThreadPoolExecutor$Worker.run(ThreadPoolExecutor.java:635)
	at java.base/java.lang.Thread.run(Thread.java:833)
... Removed 16 stack frames]]>
    </failure>
  </testcase> <!-- launchApptime -->
  <testcase classname="com.zee5.Android_HipiScripts.AndroidHiPiNeoP0" name="DiscoverScreenLoadTime" time="2.864">
    <failure type="java.lang.NullPointerException" message="Cannot invoke &amp;quot;com.aventstack.extentreports.ExtentTest.log(com.aventstack.extentreports.Status, String)&amp;quot; because the return value of &amp;quot;java.lang.ThreadLocal.get()&amp;quot; is null">
      <![CDATA[java.lang.NullPointerException: Cannot invoke "com.aventstack.extentreports.ExtentTest.log(com.aventstack.extentreports.Status, String)" because the return value of "java.lang.ThreadLocal.get()" is null
	at com.extent.ExtentReporter.extentLogger(ExtentReporter.java:246)
	at com.business.zee.Zee5ApplicasterHipiNeoBusinessLogic.DiscoverScreenLoadTime(Zee5ApplicasterHipiNeoBusinessLogic.java:48292)
	at com.zee5.Android_HipiScripts.AndroidHiPiNeoP0.DiscoverScreenLoadTime(AndroidHiPiNeoP0.java:57)
	at java.base/java.util.concurrent.FutureTask.run(FutureTask.java:264)
	at java.base/java.util.concurrent.ThreadPoolExecutor.runWorker(ThreadPoolExecutor.java:1136)
	at java.base/java.util.concurrent.ThreadPoolExecutor$Worker.run(ThreadPoolExecutor.java:635)
	at java.base/java.lang.Thread.run(Thread.java:833)
... Removed 16 stack frames]]>
    </failure>
  </testcase> <!-- DiscoverScreenLoadTime -->
  <testcase classname="com.zee5.Android_HipiScripts.AndroidHiPiNeoP0" name="AutoSuggestionTime" time="17.376">
    <failure type="java.lang.NullPointerException" message="Cannot invoke &amp;quot;com.aventstack.extentreports.ExtentTest.log(com.aventstack.extentreports.Status, String)&amp;quot; because the return value of &amp;quot;java.lang.ThreadLocal.get()&amp;quot; is null">
      <![CDATA[java.lang.NullPointerException: Cannot invoke "com.aventstack.extentreports.ExtentTest.log(com.aventstack.extentreports.Status, String)" because the return value of "java.lang.ThreadLocal.get()" is null
	at com.extent.ExtentReporter.extentLogger(ExtentReporter.java:246)
	at com.business.zee.Zee5ApplicasterHipiNeoBusinessLogic.AutoSuggestionTime(Zee5ApplicasterHipiNeoBusinessLogic.java:48332)
	at com.zee5.Android_HipiScripts.AndroidHiPiNeoP0.AutoSuggestionTime(AndroidHiPiNeoP0.java:64)
	at java.base/java.util.concurrent.FutureTask.run(FutureTask.java:264)
	at java.base/java.util.concurrent.ThreadPoolExecutor.runWorker(ThreadPoolExecutor.java:1136)
	at java.base/java.util.concurrent.ThreadPoolExecutor$Worker.run(ThreadPoolExecutor.java:635)
	at java.base/java.lang.Thread.run(Thread.java:833)
... Removed 16 stack frames]]>
    </failure>
  </testcase> <!-- AutoSuggestionTime -->
  <testcase classname="com.zee5.Android_HipiScripts.AndroidHiPiNeoP0" name="OnClickingBannerScreenLoadTime" time="1.647">
    <failure type="java.lang.NullPointerException" message="Cannot invoke &amp;quot;com.aventstack.extentreports.ExtentTest.addScreenCaptureFromBase64String(String)&amp;quot; because the return value of &amp;quot;java.lang.ThreadLocal.get()&amp;quot; is null">
      <![CDATA[java.lang.NullPointerException: Cannot invoke "com.aventstack.extentreports.ExtentTest.addScreenCaptureFromBase64String(String)" because the return value of "java.lang.ThreadLocal.get()" is null
	at com.extent.ExtentReporter.screencapture(ExtentReporter.java:345)
	at com.utility.Utilities.TimeStampverifyElementPresentAndClick(Utilities.java:3229)
	at com.business.zee.Zee5ApplicasterHipiNeoBusinessLogic.OnClickingBannerScreenLoadTime(Zee5ApplicasterHipiNeoBusinessLogic.java:48353)
	at com.zee5.Android_HipiScripts.AndroidHiPiNeoP0.OnClickingBannerScreenLoadTime(AndroidHiPiNeoP0.java:72)
	at java.base/java.util.concurrent.FutureTask.run(FutureTask.java:264)
	at java.base/java.util.concurrent.ThreadPoolExecutor.runWorker(ThreadPoolExecutor.java:1136)
	at java.base/java.util.concurrent.ThreadPoolExecutor$Worker.run(ThreadPoolExecutor.java:635)
	at java.base/java.lang.Thread.run(Thread.java:833)
... Removed 16 stack frames]]>
    </failure>
  </testcase> <!-- OnClickingBannerScreenLoadTime -->
  <testcase classname="com.zee5.Android_HipiScripts.AndroidHiPiNeoP0" name="railsPageTime" time="1.156">
    <failure type="java.lang.NullPointerException" message="Cannot invoke &amp;quot;com.aventstack.extentreports.ExtentTest.addScreenCaptureFromBase64String(String)&amp;quot; because the return value of &amp;quot;java.lang.ThreadLocal.get()&amp;quot; is null">
      <![CDATA[java.lang.NullPointerException: Cannot invoke "com.aventstack.extentreports.ExtentTest.addScreenCaptureFromBase64String(String)" because the return value of "java.lang.ThreadLocal.get()" is null
	at com.extent.ExtentReporter.screencapture(ExtentReporter.java:345)
	at com.utility.Utilities.TimeStampverifyElementPresentAndClick(Utilities.java:3229)
	at com.business.zee.Zee5ApplicasterHipiNeoBusinessLogic.railsPageTime(Zee5ApplicasterHipiNeoBusinessLogic.java:48439)
	at com.zee5.Android_HipiScripts.AndroidHiPiNeoP0.railsPageTime(AndroidHiPiNeoP0.java:80)
	at java.base/java.util.concurrent.FutureTask.run(FutureTask.java:264)
	at java.base/java.util.concurrent.ThreadPoolExecutor.runWorker(ThreadPoolExecutor.java:1136)
	at java.base/java.util.concurrent.ThreadPoolExecutor$Worker.run(ThreadPoolExecutor.java:635)
	at java.base/java.lang.Thread.run(Thread.java:833)
... Removed 16 stack frames]]>
    </failure>
  </testcase> <!-- railsPageTime -->
  <testcase classname="com.zee5.Android_HipiScripts.AndroidHiPiNeoP0" name="hashtagDetailPageTime" time="1.126">
    <failure type="java.lang.NullPointerException" message="Cannot invoke &amp;quot;com.aventstack.extentreports.ExtentTest.addScreenCaptureFromBase64String(String)&amp;quot; because the return value of &amp;quot;java.lang.ThreadLocal.get()&amp;quot; is null">
      <![CDATA[java.lang.NullPointerException: Cannot invoke "com.aventstack.extentreports.ExtentTest.addScreenCaptureFromBase64String(String)" because the return value of "java.lang.ThreadLocal.get()" is null
	at com.extent.ExtentReporter.screencapture(ExtentReporter.java:345)
	at com.utility.Utilities.TimeStampverifyElementPresentAndClick(Utilities.java:3229)
	at com.business.zee.Zee5ApplicasterHipiNeoBusinessLogic.hashtagDetailPageTime(Zee5ApplicasterHipiNeoBusinessLogic.java:48488)
	at com.zee5.Android_HipiScripts.AndroidHiPiNeoP0.hashtagDetailPageTime(AndroidHiPiNeoP0.java:86)
	at java.base/java.util.concurrent.FutureTask.run(FutureTask.java:264)
	at java.base/java.util.concurrent.ThreadPoolExecutor.runWorker(ThreadPoolExecutor.java:1136)
	at java.base/java.util.concurrent.ThreadPoolExecutor$Worker.run(ThreadPoolExecutor.java:635)
	at java.base/java.lang.Thread.run(Thread.java:833)
... Removed 16 stack frames]]>
    </failure>
  </testcase> <!-- hashtagDetailPageTime -->
  <testcase classname="com.zee5.Android_HipiScripts.AndroidHiPiNeoP0" name="BannerLoadTime" time="1.169">
    <failure type="java.lang.NullPointerException" message="Cannot invoke &amp;quot;com.aventstack.extentreports.ExtentTest.addScreenCaptureFromBase64String(String)&amp;quot; because the return value of &amp;quot;java.lang.ThreadLocal.get()&amp;quot; is null">
      <![CDATA[java.lang.NullPointerException: Cannot invoke "com.aventstack.extentreports.ExtentTest.addScreenCaptureFromBase64String(String)" because the return value of "java.lang.ThreadLocal.get()" is null
	at com.extent.ExtentReporter.screencapture(ExtentReporter.java:345)
	at com.utility.Utilities.TimeStampverifyElementPresentAndClick(Utilities.java:3229)
	at com.business.zee.Zee5ApplicasterHipiNeoBusinessLogic.BannerLoadTime(Zee5ApplicasterHipiNeoBusinessLogic.java:48609)
	at com.zee5.Android_HipiScripts.AndroidHiPiNeoP0.BannerLoadTime(AndroidHiPiNeoP0.java:94)
	at java.base/java.util.concurrent.FutureTask.run(FutureTask.java:264)
	at java.base/java.util.concurrent.ThreadPoolExecutor.runWorker(ThreadPoolExecutor.java:1136)
	at java.base/java.util.concurrent.ThreadPoolExecutor$Worker.run(ThreadPoolExecutor.java:635)
	at java.base/java.lang.Thread.run(Thread.java:833)
... Removed 16 stack frames]]>
    </failure>
  </testcase> <!-- BannerLoadTime -->
  <testcase classname="com.zee5.Android_HipiScripts.AndroidHiPiNeoP0" name="SearchScreenTimePostSearchingAKeyword" time="1.365">
    <failure type="java.lang.NullPointerException" message="Cannot invoke &amp;quot;com.aventstack.extentreports.ExtentTest.addScreenCaptureFromBase64String(String)&amp;quot; because the return value of &amp;quot;java.lang.ThreadLocal.get()&amp;quot; is null">
      <![CDATA[java.lang.NullPointerException: Cannot invoke "com.aventstack.extentreports.ExtentTest.addScreenCaptureFromBase64String(String)" because the return value of "java.lang.ThreadLocal.get()" is null
	at com.extent.ExtentReporter.screencapture(ExtentReporter.java:345)
	at com.utility.Utilities.TimeStampverifyElementPresentAndClick(Utilities.java:3229)
	at com.business.zee.Zee5ApplicasterHipiNeoBusinessLogic.SearchScreenTimePostSearchingAKeyword(Zee5ApplicasterHipiNeoBusinessLogic.java:48649)
	at com.zee5.Android_HipiScripts.AndroidHiPiNeoP0.SearchScreenTimePostSearchingAKeyword(AndroidHiPiNeoP0.java:102)
	at java.base/java.util.concurrent.FutureTask.run(FutureTask.java:264)
	at java.base/java.util.concurrent.ThreadPoolExecutor.runWorker(ThreadPoolExecutor.java:1136)
	at java.base/java.util.concurrent.ThreadPoolExecutor$Worker.run(ThreadPoolExecutor.java:635)
	at java.base/java.lang.Thread.run(Thread.java:833)
... Removed 16 stack frames]]>
    </failure>
  </testcase> <!-- SearchScreenTimePostSearchingAKeyword -->
  <testcase classname="com.zee5.Android_HipiScripts.AndroidHiPiNeoP0" name="VideoStartUpTimeAfterSwipe" time="21.121">
    <failure type="java.lang.NullPointerException" message="Cannot invoke &amp;quot;com.aventstack.extentreports.ExtentTest.log(com.aventstack.extentreports.Status, String)&amp;quot; because the return value of &amp;quot;java.lang.ThreadLocal.get()&amp;quot; is null">
      <![CDATA[java.lang.NullPointerException: Cannot invoke "com.aventstack.extentreports.ExtentTest.log(com.aventstack.extentreports.Status, String)" because the return value of "java.lang.ThreadLocal.get()" is null
	at com.extent.ExtentReporter.extentLogger(ExtentReporter.java:246)
	at com.business.zee.Zee5ApplicasterHipiNeoBusinessLogic.VideoStartUpTimeAfterSwipe(Zee5ApplicasterHipiNeoBusinessLogic.java:48261)
	at com.zee5.Android_HipiScripts.AndroidHiPiNeoP0.VideoStartUpTimeAfterSwipe(AndroidHiPiNeoP0.java:208)
	at java.base/java.util.concurrent.FutureTask.run(FutureTask.java:264)
	at java.base/java.util.concurrent.ThreadPoolExecutor.runWorker(ThreadPoolExecutor.java:1136)
	at java.base/java.util.concurrent.ThreadPoolExecutor$Worker.run(ThreadPoolExecutor.java:635)
	at java.base/java.lang.Thread.run(Thread.java:833)
... Removed 16 stack frames]]>
    </failure>
  </testcase> <!-- VideoStartUpTimeAfterSwipe -->
  <testcase classname="com.zee5.Android_HipiScripts.AndroidHiPiNeoP0" name="logout" time="3.08">
    <failure type="java.lang.NullPointerException" message="Cannot invoke &amp;quot;com.aventstack.extentreports.ExtentTest.addScreenCaptureFromBase64String(String)&amp;quot; because the return value of &amp;quot;java.lang.ThreadLocal.get()&amp;quot; is null">
      <![CDATA[java.lang.NullPointerException: Cannot invoke "com.aventstack.extentreports.ExtentTest.addScreenCaptureFromBase64String(String)" because the return value of "java.lang.ThreadLocal.get()" is null
	at com.extent.ExtentReporter.screencapture(ExtentReporter.java:345)
	at com.utility.Utilities.TimeStampverifyElementPresentAndClick(Utilities.java:3229)
	at com.business.zee.Zee5ApplicasterHipiNeoBusinessLogic.searchResults(Zee5ApplicasterHipiNeoBusinessLogic.java:49531)
	at com.zee5.Android_HipiScripts.AndroidHiPiNeoP0.logout(AndroidHiPiNeoP0.java:226)
	at java.base/java.util.concurrent.FutureTask.run(FutureTask.java:264)
	at java.base/java.util.concurrent.ThreadPoolExecutor.runWorker(ThreadPoolExecutor.java:1136)
	at java.base/java.util.concurrent.ThreadPoolExecutor$Worker.run(ThreadPoolExecutor.java:635)
	at java.base/java.lang.Thread.run(Thread.java:833)
... Removed 16 stack frames]]>
    </failure>
  </testcase> <!-- logout -->
</testsuite> <!-- AndroidHiPiNeo -->
