<?xml version="1.0" encoding="UTF-8"?>
<!-- Generated by org.testng.reporters.JUnitXMLReporter -->
<testsuite hostname="DESKTOP-077G3EM" failures="1" tests="2" name="Android_Hipi_Sanity" time="14.438" errors="0" timestamp="5 Jul 2023 06:06:16 GMT">
  <testcase classname="com.zee5.Android_HipiScripts.AndroidHipiSanity" name="@BeforeTest AppLaunch" time="0.0">
    <failure type="java.lang.NullPointerException">
      <![CDATA[java.lang.NullPointerException
	at java.base/java.util.Objects.requireNonNull(Objects.java:208)
	at org.openqa.selenium.support.ui.FluentWait.<init>(FluentWait.java:106)
	at org.openqa.selenium.support.ui.WebDriverWait.<init>(WebDriverWait.java:85)
	at org.openqa.selenium.support.ui.WebDriverWait.<init>(WebDriverWait.java:45)
	at com.utility.Utilities.initDriver(Utilities.java:149)
	at com.driverInstance.DriverInstance.<init>(DriverInstance.java:99)
	at com.business.zee.Zee5ApplicasterHipiSanityBusinessLogic.<init>(Zee5ApplicasterHipiSanityBusinessLogic.java:59)
	at com.zee5.Android_HipiScripts.AndroidHipiSanity.AppLaunch(AndroidHipiSanity.java:20)
... Removed 22 stack frames]]>
    </failure>
  </testcase> <!-- @BeforeTest AppLaunch -->
  <testcase classname="com.zee5.Android_HipiScripts.AndroidHipiSanity" name="@AfterTest tearDownApp" time="0.0">
    <skipped/>
  </testcase> <!-- @AfterTest tearDownApp -->
  <testcase classname="com.zee5.Android_HipiScripts.AndroidHipiSanity" name="saveasdraft" time="0.401">
    <skipped/>
  </testcase> <!-- saveasdraft -->
  <testcase classname="com.zee5.Android_HipiScripts.AndroidHipiSanity" name="saveasdraft" time="0.404">
    <failure type="java.lang.IllegalArgumentException" message="nodeName cannot be null or empty">
      <![CDATA[java.lang.IllegalArgumentException: nodeName cannot be null or empty
	at com.aventstack.extentreports.ExtentTest.createNode(ExtentTest.java:166)
	at com.aventstack.extentreports.ExtentTest.createNode(ExtentTest.java:274)
	at com.extent.ExtentReporter.HeaderChildNode(ExtentReporter.java:216)
	at com.extent.ExtentReporter.onTestSkipped(ExtentReporter.java:207)
... Removed 21 stack frames]]>
    </failure>
  </testcase> <!-- saveasdraft -->
</testsuite> <!-- Android_Hipi_Sanity -->
