<?xml version="1.0" encoding="UTF-8"?>
<!-- Generated by org.testng.reporters.JUnitXMLReporter -->
<testsuite hostname="DESKTOP-077G3EM" failures="0" tests="5" name="Android_Hipi" time="17.182" errors="0" timestamp="5 Jul 2023 06:48:32 GMT">
  <testcase classname="com.zee5.Android_HipiScripts.AndroidHipi" name="@BeforeTest AppLaunch" time="0.0">
    <failure type="java.lang.NullPointerException">
      <![CDATA[java.lang.NullPointerException
	at java.base/java.util.Objects.requireNonNull(Objects.java:208)
	at org.openqa.selenium.support.ui.FluentWait.<init>(FluentWait.java:106)
	at org.openqa.selenium.support.ui.WebDriverWait.<init>(WebDriverWait.java:85)
	at org.openqa.selenium.support.ui.WebDriverWait.<init>(WebDriverWait.java:45)
	at com.utility.Utilities.initDriver(Utilities.java:149)
	at com.driverInstance.DriverInstance.<init>(DriverInstance.java:99)
	at com.business.zee.Zee5ApplicasterHipiBusinessLogic.<init>(Zee5ApplicasterHipiBusinessLogic.java:59)
	at com.zee5.Android_HipiScripts.AndroidHipi.AppLaunch(AndroidHipi.java:18)
... Removed 22 stack frames]]>
    </failure>
  </testcase> <!-- @BeforeTest AppLaunch -->
  <testcase classname="com.zee5.Android_HipiScripts.AndroidHipi" name="@AfterTest tearDownApp" time="0.0">
    <skipped/>
  </testcase> <!-- @AfterTest tearDownApp -->
  <testcase classname="com.zee5.Android_HipiScripts.AndroidHipi" name="Profile" time="0.001">
    <skipped/>
  </testcase> <!-- Profile -->
  <testcase classname="com.zee5.Android_HipiScripts.AndroidHipi" name="ZeeHipiCreateVideo" time="0.001">
    <skipped/>
  </testcase> <!-- ZeeHipiCreateVideo -->
  <testcase classname="com.zee5.Android_HipiScripts.AndroidHipi" name="ZeeHipiUploadVideo" time="0.0">
    <skipped/>
  </testcase> <!-- ZeeHipiUploadVideo -->
  <testcase classname="com.zee5.Android_HipiScripts.AndroidHipi" name="ZeeHipiSoundDetailPage" time="0.572">
    <skipped/>
  </testcase> <!-- ZeeHipiSoundDetailPage -->
  <testcase classname="com.zee5.Android_HipiScripts.AndroidHipi" name="discoverPageValidation" time="0.001">
    <skipped/>
  </testcase> <!-- discoverPageValidation -->
</testsuite> <!-- Android_Hipi -->
