<?xml version="1.0" encoding="UTF-8"?>
<!-- Generated by org.testng.reporters.JUnitXMLReporter -->
<testsuite hostname="DESKTOP-077G3EM" failures="0" tests="1" name="AndroidHiPiNeoP1" time="8.847" errors="0" timestamp="5 Jul 2023 10:52:16 GMT">
  <testcase classname="com.zee5.Android_HipiScripts.AndroidHiPiNeoP0" name="@BeforeTest AppLaunch" time="0.0">
    <failure type="java.lang.NullPointerException" message="Cannot invoke &amp;quot;String.equals(Object)&amp;quot; because the return value of &amp;quot;com.propertyfilereader.PropertyFileReader.getproperty(String)&amp;quot; is null">
      <![CDATA[java.lang.NullPointerException: Cannot invoke "String.equals(Object)" because the return value of "com.propertyfilereader.PropertyFileReader.getproperty(String)" is null
	at com.driverInstance.Drivertools.<init>(Drivertools.java:352)
	at com.driverInstance.DriverInstance.<init>(DriverInstance.java:37)
	at com.business.zee.Zee5ApplicasterHipiNeoBusinessLogic.<init>(Zee5ApplicasterHipiNeoBusinessLogic.java:96)
	at com.zee5.Android_HipiScripts.AndroidHiPiNeoP0.AppLaunch(AndroidHiPiNeoP0.java:19)
	at java.base/java.util.concurrent.FutureTask.run(FutureTask.java:264)
	at java.base/java.util.concurrent.ThreadPoolExecutor.runWorker(ThreadPoolExecutor.java:1136)
	at java.base/java.util.concurrent.ThreadPoolExecutor$Worker.run(ThreadPoolExecutor.java:635)
	at java.base/java.lang.Thread.run(Thread.java:833)
... Removed 14 stack frames]]>
    </failure>
  </testcase> <!-- @BeforeTest AppLaunch -->
  <testcase classname="com.zee5.Android_HipiScripts.AndroidHiPiNeoP0" name="@AfterTest tearDownApp" time="0.0">
    <skipped/>
  </testcase> <!-- @AfterTest tearDownApp -->
  <testcase classname="com.zee5.Android_HipiScripts.AndroidHiPiNeoP0" name="CreatorModuleNew" time="0.002">
    <skipped/>
  </testcase> <!-- CreatorModuleNew -->
</testsuite> <!-- AndroidHiPiNeoP1 -->
